Sequence Generator - seq-gen
Version 1.3.4
(c) Copyright, 1996-2017 Andrew Rambaut and Nick Grassly
Institute of Evolutionary Biology, University of Edinburgh

Originally developed at:
Department of Zoology, University of Oxford

Random number generator seed: -991311927868592018

Simulations of 221 taxa, 100 amino acids
  for 1 tree(s) with 1 dataset(s) per tree

Branch lengths assumed to be number of substitutions per site

Rate homogeneity of sites.
Model = PAM: Dayhoff, Schwartz & Orcutt (1978)
             DCMut version Kosiol & Goldman (2004) <http://www.ebi.ac.uk/goldman-srv/dayhoff/>
Time taken: 0.0162 seconds
Sequence Generator - seq-gen
Version 1.3.4
(c) Copyright, 1996-2017 Andrew Rambaut and Nick Grassly
Institute of Evolutionary Biology, University of Edinburgh

Originally developed at:
Department of Zoology, University of Oxford

Random number generator seed: -5170658979172258780

Simulations of 918 taxa, 100 amino acids
  for 1 tree(s) with 1 dataset(s) per tree

Branch lengths assumed to be number of substitutions per site

Rate homogeneity of sites.
Model = PAM: Dayhoff, Schwartz & Orcutt (1978)
             DCMut version Kosiol & Goldman (2004) <http://www.ebi.ac.uk/goldman-srv/dayhoff/>
Time taken: 0.026568 seconds
Sequence Generator - seq-gen
Version 1.3.4
(c) Copyright, 1996-2017 Andrew Rambaut and Nick Grassly
Institute of Evolutionary Biology, University of Edinburgh

Originally developed at:
Department of Zoology, University of Oxford

Random number generator seed: 8340280075865647852

Simulations of 1538 taxa, 100 amino acids
  for 1 tree(s) with 1 dataset(s) per tree

Branch lengths assumed to be number of substitutions per site

Rate homogeneity of sites.
Model = PAM: Dayhoff, Schwartz & Orcutt (1978)
             DCMut version Kosiol & Goldman (2004) <http://www.ebi.ac.uk/goldman-srv/dayhoff/>
Time taken: 0.033204 seconds
Sequence Generator - seq-gen
Version 1.3.4
(c) Copyright, 1996-2017 Andrew Rambaut and Nick Grassly
Institute of Evolutionary Biology, University of Edinburgh

Originally developed at:
Department of Zoology, University of Oxford

Random number generator seed: -1152669100864778648

Simulations of 3881 taxa, 100 amino acids
  for 1 tree(s) with 1 dataset(s) per tree

Branch lengths assumed to be number of substitutions per site

Rate homogeneity of sites.
Model = PAM: Dayhoff, Schwartz & Orcutt (1978)
             DCMut version Kosiol & Goldman (2004) <http://www.ebi.ac.uk/goldman-srv/dayhoff/>
Time taken: 0.091039 seconds
Sequence Generator - seq-gen
Version 1.3.4
(c) Copyright, 1996-2017 Andrew Rambaut and Nick Grassly
Institute of Evolutionary Biology, University of Edinburgh

Originally developed at:
Department of Zoology, University of Oxford

Random number generator seed: 8788198713242886370

Simulations of 7074 taxa, 100 amino acids
  for 1 tree(s) with 1 dataset(s) per tree

Branch lengths assumed to be number of substitutions per site

Rate homogeneity of sites.
Model = PAM: Dayhoff, Schwartz & Orcutt (1978)
             DCMut version Kosiol & Goldman (2004) <http://www.ebi.ac.uk/goldman-srv/dayhoff/>
Time taken: 0.181609 seconds
Sequence Generator - seq-gen
Version 1.3.4
(c) Copyright, 1996-2017 Andrew Rambaut and Nick Grassly
Institute of Evolutionary Biology, University of Edinburgh

Originally developed at:
Department of Zoology, University of Oxford

Random number generator seed: -2876768596925103806

Simulations of 839 taxa, 100 amino acids
  for 1 tree(s) with 1 dataset(s) per tree

Branch lengths assumed to be number of substitutions per site

Rate homogeneity of sites.
Model = PAM: Dayhoff, Schwartz & Orcutt (1978)
             DCMut version Kosiol & Goldman (2004) <http://www.ebi.ac.uk/goldman-srv/dayhoff/>
Time taken: 0.019639 seconds
Sequence Generator - seq-gen
Version 1.3.4
(c) Copyright, 1996-2017 Andrew Rambaut and Nick Grassly
Institute of Evolutionary Biology, University of Edinburgh

Originally developed at:
Department of Zoology, University of Oxford

Random number generator seed: -8907970491388873447

Simulations of 821 taxa, 100 amino acids
  for 1 tree(s) with 1 dataset(s) per tree

Branch lengths assumed to be number of substitutions per site

Rate homogeneity of sites.
Model = PAM: Dayhoff, Schwartz & Orcutt (1978)
             DCMut version Kosiol & Goldman (2004) <http://www.ebi.ac.uk/goldman-srv/dayhoff/>
Time taken: 0.017761 seconds
Sequence Generator - seq-gen
Version 1.3.4
(c) Copyright, 1996-2017 Andrew Rambaut and Nick Grassly
Institute of Evolutionary Biology, University of Edinburgh

Originally developed at:
Department of Zoology, University of Oxford

Random number generator seed: -3168254036579001529

Simulations of 11043 taxa, 100 amino acids
  for 1 tree(s) with 1 dataset(s) per tree

Branch lengths assumed to be number of substitutions per site

Rate homogeneity of sites.
Model = PAM: Dayhoff, Schwartz & Orcutt (1978)
             DCMut version Kosiol & Goldman (2004) <http://www.ebi.ac.uk/goldman-srv/dayhoff/>
Time taken: 0.359243 seconds
Sequence Generator - seq-gen
Version 1.3.4
(c) Copyright, 1996-2017 Andrew Rambaut and Nick Grassly
Institute of Evolutionary Biology, University of Edinburgh

Originally developed at:
Department of Zoology, University of Oxford

Random number generator seed: -7494007110569487099

Simulations of 3220 taxa, 100 amino acids
  for 1 tree(s) with 1 dataset(s) per tree

Branch lengths assumed to be number of substitutions per site

Rate homogeneity of sites.
Model = PAM: Dayhoff, Schwartz & Orcutt (1978)
             DCMut version Kosiol & Goldman (2004) <http://www.ebi.ac.uk/goldman-srv/dayhoff/>
Time taken: 0.073711 seconds
Sequence Generator - seq-gen
Version 1.3.4
(c) Copyright, 1996-2017 Andrew Rambaut and Nick Grassly
Institute of Evolutionary Biology, University of Edinburgh

Originally developed at:
Department of Zoology, University of Oxford

Random number generator seed: -3535091074540231889

Simulations of 4947 taxa, 100 amino acids
  for 1 tree(s) with 1 dataset(s) per tree

Branch lengths assumed to be number of substitutions per site

Rate homogeneity of sites.
Model = PAM: Dayhoff, Schwartz & Orcutt (1978)
             DCMut version Kosiol & Goldman (2004) <http://www.ebi.ac.uk/goldman-srv/dayhoff/>
Time taken: 0.120299 seconds
Sequence Generator - seq-gen
Version 1.3.4
(c) Copyright, 1996-2017 Andrew Rambaut and Nick Grassly
Institute of Evolutionary Biology, University of Edinburgh

Originally developed at:
Department of Zoology, University of Oxford

Random number generator seed: 644921489399821979

Simulations of 2713 taxa, 100 amino acids
  for 1 tree(s) with 1 dataset(s) per tree

Branch lengths assumed to be number of substitutions per site

Rate homogeneity of sites.
Model = PAM: Dayhoff, Schwartz & Orcutt (1978)
             DCMut version Kosiol & Goldman (2004) <http://www.ebi.ac.uk/goldman-srv/dayhoff/>
Time taken: 0.060662 seconds
Sequence Generator - seq-gen
Version 1.3.4
(c) Copyright, 1996-2017 Andrew Rambaut and Nick Grassly
Institute of Evolutionary Biology, University of Edinburgh

Originally developed at:
Department of Zoology, University of Oxford

Random number generator seed: 7737625174784461815

Simulations of 1393 taxa, 100 amino acids
  for 1 tree(s) with 1 dataset(s) per tree

Branch lengths assumed to be number of substitutions per site

Rate homogeneity of sites.
Model = PAM: Dayhoff, Schwartz & Orcutt (1978)
             DCMut version Kosiol & Goldman (2004) <http://www.ebi.ac.uk/goldman-srv/dayhoff/>
Time taken: 0.03035 seconds
Sequence Generator - seq-gen
Version 1.3.4
(c) Copyright, 1996-2017 Andrew Rambaut and Nick Grassly
Institute of Evolutionary Biology, University of Edinburgh

Originally developed at:
Department of Zoology, University of Oxford

Random number generator seed: 7293331291559682553

Simulations of 2899 taxa, 100 amino acids
  for 1 tree(s) with 1 dataset(s) per tree

Branch lengths assumed to be number of substitutions per site

Rate homogeneity of sites.
Model = PAM: Dayhoff, Schwartz & Orcutt (1978)
             DCMut version Kosiol & Goldman (2004) <http://www.ebi.ac.uk/goldman-srv/dayhoff/>
Time taken: 0.065629 seconds
Sequence Generator - seq-gen
Version 1.3.4
(c) Copyright, 1996-2017 Andrew Rambaut and Nick Grassly
Institute of Evolutionary Biology, University of Edinburgh

Originally developed at:
Department of Zoology, University of Oxford

Random number generator seed: 7423380157635352571

Simulations of 3367 taxa, 100 amino acids
  for 1 tree(s) with 1 dataset(s) per tree

Branch lengths assumed to be number of substitutions per site

Rate homogeneity of sites.
Model = PAM: Dayhoff, Schwartz & Orcutt (1978)
             DCMut version Kosiol & Goldman (2004) <http://www.ebi.ac.uk/goldman-srv/dayhoff/>
Time taken: 0.076003 seconds
Sequence Generator - seq-gen
Version 1.3.4
(c) Copyright, 1996-2017 Andrew Rambaut and Nick Grassly
Institute of Evolutionary Biology, University of Edinburgh

Originally developed at:
Department of Zoology, University of Oxford

Random number generator seed: 7885705928611183089

Simulations of 2192 taxa, 100 amino acids
  for 1 tree(s) with 1 dataset(s) per tree

Branch lengths assumed to be number of substitutions per site

Rate homogeneity of sites.
Model = PAM: Dayhoff, Schwartz & Orcutt (1978)
             DCMut version Kosiol & Goldman (2004) <http://www.ebi.ac.uk/goldman-srv/dayhoff/>
Time taken: 0.047912 seconds
Sequence Generator - seq-gen
Version 1.3.4
(c) Copyright, 1996-2017 Andrew Rambaut and Nick Grassly
Institute of Evolutionary Biology, University of Edinburgh

Originally developed at:
Department of Zoology, University of Oxford

Random number generator seed: 7074703149072185598

Simulations of 5782 taxa, 100 amino acids
  for 1 tree(s) with 1 dataset(s) per tree

Branch lengths assumed to be number of substitutions per site

Rate homogeneity of sites.
Model = PAM: Dayhoff, Schwartz & Orcutt (1978)
             DCMut version Kosiol & Goldman (2004) <http://www.ebi.ac.uk/goldman-srv/dayhoff/>
Time taken: 0.144682 seconds
Sequence Generator - seq-gen
Version 1.3.4
(c) Copyright, 1996-2017 Andrew Rambaut and Nick Grassly
Institute of Evolutionary Biology, University of Edinburgh

Originally developed at:
Department of Zoology, University of Oxford

Random number generator seed: 8862179227944626657

Simulations of 5532 taxa, 100 amino acids
  for 1 tree(s) with 1 dataset(s) per tree

Branch lengths assumed to be number of substitutions per site

Rate homogeneity of sites.
Model = PAM: Dayhoff, Schwartz & Orcutt (1978)
             DCMut version Kosiol & Goldman (2004) <http://www.ebi.ac.uk/goldman-srv/dayhoff/>
Time taken: 0.137543 seconds
Sequence Generator - seq-gen
Version 1.3.4
(c) Copyright, 1996-2017 Andrew Rambaut and Nick Grassly
Institute of Evolutionary Biology, University of Edinburgh

Originally developed at:
Department of Zoology, University of Oxford

Random number generator seed: 8992175489928273891

Simulations of 2307 taxa, 100 amino acids
  for 1 tree(s) with 1 dataset(s) per tree

Branch lengths assumed to be number of substitutions per site

Rate homogeneity of sites.
Model = PAM: Dayhoff, Schwartz & Orcutt (1978)
             DCMut version Kosiol & Goldman (2004) <http://www.ebi.ac.uk/goldman-srv/dayhoff/>
Time taken: 0.050625 seconds
Sequence Generator - seq-gen
Version 1.3.4
(c) Copyright, 1996-2017 Andrew Rambaut and Nick Grassly
Institute of Evolutionary Biology, University of Edinburgh

Originally developed at:
Department of Zoology, University of Oxford

Random number generator seed: 7666967409759138038

Simulations of 2186 taxa, 100 amino acids
  for 1 tree(s) with 1 dataset(s) per tree

Branch lengths assumed to be number of substitutions per site

Rate homogeneity of sites.
Model = PAM: Dayhoff, Schwartz & Orcutt (1978)
             DCMut version Kosiol & Goldman (2004) <http://www.ebi.ac.uk/goldman-srv/dayhoff/>
Time taken: 0.047765 seconds
Sequence Generator - seq-gen
Version 1.3.4
(c) Copyright, 1996-2017 Andrew Rambaut and Nick Grassly
Institute of Evolutionary Biology, University of Edinburgh

Originally developed at:
Department of Zoology, University of Oxford

Random number generator seed: 7505490853692366580

Simulations of 732 taxa, 100 amino acids
  for 1 tree(s) with 1 dataset(s) per tree

Branch lengths assumed to be number of substitutions per site

Rate homogeneity of sites.
Model = PAM: Dayhoff, Schwartz & Orcutt (1978)
             DCMut version Kosiol & Goldman (2004) <http://www.ebi.ac.uk/goldman-srv/dayhoff/>
Time taken: 0.016151 seconds
Sequence Generator - seq-gen
Version 1.3.4
(c) Copyright, 1996-2017 Andrew Rambaut and Nick Grassly
Institute of Evolutionary Biology, University of Edinburgh

Originally developed at:
Department of Zoology, University of Oxford

Random number generator seed: 6097270838065785544

Simulations of 277 taxa, 100 amino acids
  for 1 tree(s) with 1 dataset(s) per tree

Branch lengths assumed to be number of substitutions per site

Rate homogeneity of sites.
Model = PAM: Dayhoff, Schwartz & Orcutt (1978)
             DCMut version Kosiol & Goldman (2004) <http://www.ebi.ac.uk/goldman-srv/dayhoff/>
Time taken: 0.006445 seconds
Sequence Generator - seq-gen
Version 1.3.4
(c) Copyright, 1996-2017 Andrew Rambaut and Nick Grassly
Institute of Evolutionary Biology, University of Edinburgh

Originally developed at:
Department of Zoology, University of Oxford

Random number generator seed: 7139738653499974655

Simulations of 2534 taxa, 100 amino acids
  for 1 tree(s) with 1 dataset(s) per tree

Branch lengths assumed to be number of substitutions per site

Rate homogeneity of sites.
Model = PAM: Dayhoff, Schwartz & Orcutt (1978)
             DCMut version Kosiol & Goldman (2004) <http://www.ebi.ac.uk/goldman-srv/dayhoff/>
Time taken: 0.056403 seconds
Sequence Generator - seq-gen
Version 1.3.4
(c) Copyright, 1996-2017 Andrew Rambaut and Nick Grassly
Institute of Evolutionary Biology, University of Edinburgh

Originally developed at:
Department of Zoology, University of Oxford

Random number generator seed: 7435943050956883963

Simulations of 3125 taxa, 100 amino acids
  for 1 tree(s) with 1 dataset(s) per tree

Branch lengths assumed to be number of substitutions per site

Rate homogeneity of sites.
Model = PAM: Dayhoff, Schwartz & Orcutt (1978)
             DCMut version Kosiol & Goldman (2004) <http://www.ebi.ac.uk/goldman-srv/dayhoff/>
Time taken: 0.071096 seconds
Sequence Generator - seq-gen
Version 1.3.4
(c) Copyright, 1996-2017 Andrew Rambaut and Nick Grassly
Institute of Evolutionary Biology, University of Edinburgh

Originally developed at:
Department of Zoology, University of Oxford

Random number generator seed: -7128243360095804414

Simulations of 194 taxa, 100 amino acids
  for 1 tree(s) with 1 dataset(s) per tree

Branch lengths assumed to be number of substitutions per site

Rate homogeneity of sites.
Model = PAM: Dayhoff, Schwartz & Orcutt (1978)
             DCMut version Kosiol & Goldman (2004) <http://www.ebi.ac.uk/goldman-srv/dayhoff/>
Time taken: 0.004735 seconds
Sequence Generator - seq-gen
Version 1.3.4
(c) Copyright, 1996-2017 Andrew Rambaut and Nick Grassly
Institute of Evolutionary Biology, University of Edinburgh

Originally developed at:
Department of Zoology, University of Oxford

Random number generator seed: 8778980457086656742

Simulations of 71 taxa, 100 amino acids
  for 1 tree(s) with 1 dataset(s) per tree

Branch lengths assumed to be number of substitutions per site

Rate homogeneity of sites.
Model = PAM: Dayhoff, Schwartz & Orcutt (1978)
             DCMut version Kosiol & Goldman (2004) <http://www.ebi.ac.uk/goldman-srv/dayhoff/>
Time taken: 0.002026 seconds
Sequence Generator - seq-gen
Version 1.3.4
(c) Copyright, 1996-2017 Andrew Rambaut and Nick Grassly
Institute of Evolutionary Biology, University of Edinburgh

Originally developed at:
Department of Zoology, University of Oxford

Random number generator seed: 7209147373108525816

Simulations of 1421 taxa, 100 amino acids
  for 1 tree(s) with 1 dataset(s) per tree

Branch lengths assumed to be number of substitutions per site

Rate homogeneity of sites.
Model = PAM: Dayhoff, Schwartz & Orcutt (1978)
             DCMut version Kosiol & Goldman (2004) <http://www.ebi.ac.uk/goldman-srv/dayhoff/>
Time taken: 0.030495 seconds
Sequence Generator - seq-gen
Version 1.3.4
(c) Copyright, 1996-2017 Andrew Rambaut and Nick Grassly
Institute of Evolutionary Biology, University of Edinburgh

Originally developed at:
Department of Zoology, University of Oxford

Random number generator seed: 6166816447150908873

Simulations of 4897 taxa, 100 amino acids
  for 1 tree(s) with 1 dataset(s) per tree

Branch lengths assumed to be number of substitutions per site

Rate homogeneity of sites.
Model = PAM: Dayhoff, Schwartz & Orcutt (1978)
             DCMut version Kosiol & Goldman (2004) <http://www.ebi.ac.uk/goldman-srv/dayhoff/>
Time taken: 0.117413 seconds
Sequence Generator - seq-gen
Version 1.3.4
(c) Copyright, 1996-2017 Andrew Rambaut and Nick Grassly
Institute of Evolutionary Biology, University of Edinburgh

Originally developed at:
Department of Zoology, University of Oxford

Random number generator seed: 8409991018699965929

Simulations of 3640 taxa, 100 amino acids
  for 1 tree(s) with 1 dataset(s) per tree

Branch lengths assumed to be number of substitutions per site

Rate homogeneity of sites.
Model = PAM: Dayhoff, Schwartz & Orcutt (1978)
             DCMut version Kosiol & Goldman (2004) <http://www.ebi.ac.uk/goldman-srv/dayhoff/>
Time taken: 0.083169 seconds
Sequence Generator - seq-gen
Version 1.3.4
(c) Copyright, 1996-2017 Andrew Rambaut and Nick Grassly
Institute of Evolutionary Biology, University of Edinburgh

Originally developed at:
Department of Zoology, University of Oxford

Random number generator seed: -8625153132049286891

Simulations of 83 taxa, 100 amino acids
  for 1 tree(s) with 1 dataset(s) per tree

Branch lengths assumed to be number of substitutions per site

Rate homogeneity of sites.
Model = PAM: Dayhoff, Schwartz & Orcutt (1978)
             DCMut version Kosiol & Goldman (2004) <http://www.ebi.ac.uk/goldman-srv/dayhoff/>
Time taken: 0.002389 seconds
Sequence Generator - seq-gen
Version 1.3.4
(c) Copyright, 1996-2017 Andrew Rambaut and Nick Grassly
Institute of Evolutionary Biology, University of Edinburgh

Originally developed at:
Department of Zoology, University of Oxford

Random number generator seed: 7736512637626067959

Simulations of 2838 taxa, 100 amino acids
  for 1 tree(s) with 1 dataset(s) per tree

Branch lengths assumed to be number of substitutions per site

Rate homogeneity of sites.
Model = PAM: Dayhoff, Schwartz & Orcutt (1978)
             DCMut version Kosiol & Goldman (2004) <http://www.ebi.ac.uk/goldman-srv/dayhoff/>
Time taken: 0.053583 seconds
Sequence Generator - seq-gen
Version 1.3.4
(c) Copyright, 1996-2017 Andrew Rambaut and Nick Grassly
Institute of Evolutionary Biology, University of Edinburgh

Originally developed at:
Department of Zoology, University of Oxford

Random number generator seed: 1015281696477803119

Simulations of 4312 taxa, 100 amino acids
  for 1 tree(s) with 1 dataset(s) per tree

Branch lengths assumed to be number of substitutions per site

Rate homogeneity of sites.
Model = PAM: Dayhoff, Schwartz & Orcutt (1978)
             DCMut version Kosiol & Goldman (2004) <http://www.ebi.ac.uk/goldman-srv/dayhoff/>
Time taken: 0.080738 seconds
Sequence Generator - seq-gen
Version 1.3.4
(c) Copyright, 1996-2017 Andrew Rambaut and Nick Grassly
Institute of Evolutionary Biology, University of Edinburgh

Originally developed at:
Department of Zoology, University of Oxford

Random number generator seed: -1755258418761816720

Simulations of 1722 taxa, 100 amino acids
  for 1 tree(s) with 1 dataset(s) per tree

Branch lengths assumed to be number of substitutions per site

Rate homogeneity of sites.
Model = PAM: Dayhoff, Schwartz & Orcutt (1978)
             DCMut version Kosiol & Goldman (2004) <http://www.ebi.ac.uk/goldman-srv/dayhoff/>
Time taken: 0.029839 seconds
Sequence Generator - seq-gen
Version 1.3.4
(c) Copyright, 1996-2017 Andrew Rambaut and Nick Grassly
Institute of Evolutionary Biology, University of Edinburgh

Originally developed at:
Department of Zoology, University of Oxford

Random number generator seed: -4742307873887104963

Simulations of 7586 taxa, 100 amino acids
  for 1 tree(s) with 1 dataset(s) per tree

Branch lengths assumed to be number of substitutions per site

Rate homogeneity of sites.
Model = PAM: Dayhoff, Schwartz & Orcutt (1978)
             DCMut version Kosiol & Goldman (2004) <http://www.ebi.ac.uk/goldman-srv/dayhoff/>
Time taken: 0.156145 seconds
Sequence Generator - seq-gen
Version 1.3.4
(c) Copyright, 1996-2017 Andrew Rambaut and Nick Grassly
Institute of Evolutionary Biology, University of Edinburgh

Originally developed at:
Department of Zoology, University of Oxford

Random number generator seed: -6452502249121540043

Simulations of 7956 taxa, 100 amino acids
  for 1 tree(s) with 1 dataset(s) per tree

Branch lengths assumed to be number of substitutions per site

Rate homogeneity of sites.
Model = PAM: Dayhoff, Schwartz & Orcutt (1978)
             DCMut version Kosiol & Goldman (2004) <http://www.ebi.ac.uk/goldman-srv/dayhoff/>
Time taken: 0.165845 seconds
Sequence Generator - seq-gen
Version 1.3.4
(c) Copyright, 1996-2017 Andrew Rambaut and Nick Grassly
Institute of Evolutionary Biology, University of Edinburgh

Originally developed at:
Department of Zoology, University of Oxford

Random number generator seed: -3770509497277075885

Simulations of 5986 taxa, 100 amino acids
  for 1 tree(s) with 1 dataset(s) per tree

Branch lengths assumed to be number of substitutions per site

Rate homogeneity of sites.
Model = PAM: Dayhoff, Schwartz & Orcutt (1978)
             DCMut version Kosiol & Goldman (2004) <http://www.ebi.ac.uk/goldman-srv/dayhoff/>
Time taken: 0.119074 seconds
Sequence Generator - seq-gen
Version 1.3.4
(c) Copyright, 1996-2017 Andrew Rambaut and Nick Grassly
Institute of Evolutionary Biology, University of Edinburgh

Originally developed at:
Department of Zoology, University of Oxford

Random number generator seed: -2843235770639629488

Simulations of 7915 taxa, 100 amino acids
  for 1 tree(s) with 1 dataset(s) per tree

Branch lengths assumed to be number of substitutions per site

Rate homogeneity of sites.
Model = PAM: Dayhoff, Schwartz & Orcutt (1978)
             DCMut version Kosiol & Goldman (2004) <http://www.ebi.ac.uk/goldman-srv/dayhoff/>
Time taken: 0.16463 seconds
Sequence Generator - seq-gen
Version 1.3.4
(c) Copyright, 1996-2017 Andrew Rambaut and Nick Grassly
Institute of Evolutionary Biology, University of Edinburgh

Originally developed at:
Department of Zoology, University of Oxford

Random number generator seed: -4660953535794468040

Simulations of 1897 taxa, 100 amino acids
  for 1 tree(s) with 1 dataset(s) per tree

Branch lengths assumed to be number of substitutions per site

Rate homogeneity of sites.
Model = PAM: Dayhoff, Schwartz & Orcutt (1978)
             DCMut version Kosiol & Goldman (2004) <http://www.ebi.ac.uk/goldman-srv/dayhoff/>
Time taken: 0.033409 seconds
Sequence Generator - seq-gen
Version 1.3.4
(c) Copyright, 1996-2017 Andrew Rambaut and Nick Grassly
Institute of Evolutionary Biology, University of Edinburgh

Originally developed at:
Department of Zoology, University of Oxford

Random number generator seed: -4879026852038998467

Simulations of 1332 taxa, 100 amino acids
  for 1 tree(s) with 1 dataset(s) per tree

Branch lengths assumed to be number of substitutions per site

Rate homogeneity of sites.
Model = PAM: Dayhoff, Schwartz & Orcutt (1978)
             DCMut version Kosiol & Goldman (2004) <http://www.ebi.ac.uk/goldman-srv/dayhoff/>
Time taken: 0.02329 seconds
Sequence Generator - seq-gen
Version 1.3.4
(c) Copyright, 1996-2017 Andrew Rambaut and Nick Grassly
Institute of Evolutionary Biology, University of Edinburgh

Originally developed at:
Department of Zoology, University of Oxford

Random number generator seed: -6554302432525105882

Simulations of 2171 taxa, 100 amino acids
  for 1 tree(s) with 1 dataset(s) per tree

Branch lengths assumed to be number of substitutions per site

Rate homogeneity of sites.
Model = PAM: Dayhoff, Schwartz & Orcutt (1978)
             DCMut version Kosiol & Goldman (2004) <http://www.ebi.ac.uk/goldman-srv/dayhoff/>
Time taken: 0.03815 seconds
Sequence Generator - seq-gen
Version 1.3.4
(c) Copyright, 1996-2017 Andrew Rambaut and Nick Grassly
Institute of Evolutionary Biology, University of Edinburgh

Originally developed at:
Department of Zoology, University of Oxford

Random number generator seed: -4879026852038998467

Simulations of 1699 taxa, 100 amino acids
  for 1 tree(s) with 1 dataset(s) per tree

Branch lengths assumed to be number of substitutions per site

Rate homogeneity of sites.
Model = PAM: Dayhoff, Schwartz & Orcutt (1978)
             DCMut version Kosiol & Goldman (2004) <http://www.ebi.ac.uk/goldman-srv/dayhoff/>
Time taken: 0.02944 seconds
Sequence Generator - seq-gen
Version 1.3.4
(c) Copyright, 1996-2017 Andrew Rambaut and Nick Grassly
Institute of Evolutionary Biology, University of Edinburgh

Originally developed at:
Department of Zoology, University of Oxford

Random number generator seed: -6484783727520383961

Simulations of 5508 taxa, 100 amino acids
  for 1 tree(s) with 1 dataset(s) per tree

Branch lengths assumed to be number of substitutions per site

Rate homogeneity of sites.
Model = PAM: Dayhoff, Schwartz & Orcutt (1978)
             DCMut version Kosiol & Goldman (2004) <http://www.ebi.ac.uk/goldman-srv/dayhoff/>
Time taken: 0.108622 seconds
Sequence Generator - seq-gen
Version 1.3.4
(c) Copyright, 1996-2017 Andrew Rambaut and Nick Grassly
Institute of Evolutionary Biology, University of Edinburgh

Originally developed at:
Department of Zoology, University of Oxford

Random number generator seed: -6756050337592913861

Simulations of 833 taxa, 100 amino acids
  for 1 tree(s) with 1 dataset(s) per tree

Branch lengths assumed to be number of substitutions per site

Rate homogeneity of sites.
Model = PAM: Dayhoff, Schwartz & Orcutt (1978)
             DCMut version Kosiol & Goldman (2004) <http://www.ebi.ac.uk/goldman-srv/dayhoff/>
Time taken: 0.014822 seconds
Sequence Generator - seq-gen
Version 1.3.4
(c) Copyright, 1996-2017 Andrew Rambaut and Nick Grassly
Institute of Evolutionary Biology, University of Edinburgh

Originally developed at:
Department of Zoology, University of Oxford

Random number generator seed: -5228775246580522192

Simulations of 275 taxa, 100 amino acids
  for 1 tree(s) with 1 dataset(s) per tree

Branch lengths assumed to be number of substitutions per site

Rate homogeneity of sites.
Model = PAM: Dayhoff, Schwartz & Orcutt (1978)
             DCMut version Kosiol & Goldman (2004) <http://www.ebi.ac.uk/goldman-srv/dayhoff/>
Time taken: 0.005095 seconds
Sequence Generator - seq-gen
Version 1.3.4
(c) Copyright, 1996-2017 Andrew Rambaut and Nick Grassly
Institute of Evolutionary Biology, University of Edinburgh

Originally developed at:
Department of Zoology, University of Oxford

Random number generator seed: -3124063596615882924

Simulations of 1213 taxa, 100 amino acids
  for 1 tree(s) with 1 dataset(s) per tree

Branch lengths assumed to be number of substitutions per site

Rate homogeneity of sites.
Model = PAM: Dayhoff, Schwartz & Orcutt (1978)
             DCMut version Kosiol & Goldman (2004) <http://www.ebi.ac.uk/goldman-srv/dayhoff/>
Time taken: 0.021405 seconds
Sequence Generator - seq-gen
Version 1.3.4
(c) Copyright, 1996-2017 Andrew Rambaut and Nick Grassly
Institute of Evolutionary Biology, University of Edinburgh

Originally developed at:
Department of Zoology, University of Oxford

Random number generator seed: -6686531634601470172

Simulations of 1511 taxa, 100 amino acids
  for 1 tree(s) with 1 dataset(s) per tree

Branch lengths assumed to be number of substitutions per site

Rate homogeneity of sites.
Model = PAM: Dayhoff, Schwartz & Orcutt (1978)
             DCMut version Kosiol & Goldman (2004) <http://www.ebi.ac.uk/goldman-srv/dayhoff/>
Time taken: 0.026733 seconds
Sequence Generator - seq-gen
Version 1.3.4
(c) Copyright, 1996-2017 Andrew Rambaut and Nick Grassly
Institute of Evolutionary Biology, University of Edinburgh

Originally developed at:
Department of Zoology, University of Oxford

Random number generator seed: -4939573540014616772

Simulations of 1564 taxa, 100 amino acids
  for 1 tree(s) with 1 dataset(s) per tree

Branch lengths assumed to be number of substitutions per site

Rate homogeneity of sites.
Model = PAM: Dayhoff, Schwartz & Orcutt (1978)
             DCMut version Kosiol & Goldman (2004) <http://www.ebi.ac.uk/goldman-srv/dayhoff/>
Time taken: 0.027509 seconds
Sequence Generator - seq-gen
Version 1.3.4
(c) Copyright, 1996-2017 Andrew Rambaut and Nick Grassly
Institute of Evolutionary Biology, University of Edinburgh

Originally developed at:
Department of Zoology, University of Oxford

Random number generator seed: -2623473434866849709

Simulations of 1554 taxa, 100 amino acids
  for 1 tree(s) with 1 dataset(s) per tree

Branch lengths assumed to be number of substitutions per site

Rate homogeneity of sites.
Model = PAM: Dayhoff, Schwartz & Orcutt (1978)
             DCMut version Kosiol & Goldman (2004) <http://www.ebi.ac.uk/goldman-srv/dayhoff/>
Time taken: 0.027282 seconds
Sequence Generator - seq-gen
Version 1.3.4
(c) Copyright, 1996-2017 Andrew Rambaut and Nick Grassly
Institute of Evolutionary Biology, University of Edinburgh

Originally developed at:
Department of Zoology, University of Oxford

Random number generator seed: -4660953535794468040

Simulations of 1539 taxa, 100 amino acids
  for 1 tree(s) with 1 dataset(s) per tree

Branch lengths assumed to be number of substitutions per site

Rate homogeneity of sites.
Model = PAM: Dayhoff, Schwartz & Orcutt (1978)
             DCMut version Kosiol & Goldman (2004) <http://www.ebi.ac.uk/goldman-srv/dayhoff/>
Time taken: 0.027133 seconds
Sequence Generator - seq-gen
Version 1.3.4
(c) Copyright, 1996-2017 Andrew Rambaut and Nick Grassly
Institute of Evolutionary Biology, University of Edinburgh

Originally developed at:
Department of Zoology, University of Oxford

Random number generator seed: -6059911084359935965

Simulations of 10931 taxa, 100 amino acids
  for 1 tree(s) with 1 dataset(s) per tree

Branch lengths assumed to be number of substitutions per site

Rate homogeneity of sites.
Model = PAM: Dayhoff, Schwartz & Orcutt (1978)
             DCMut version Kosiol & Goldman (2004) <http://www.ebi.ac.uk/goldman-srv/dayhoff/>
Time taken: 0.275777 seconds
Sequence Generator - seq-gen
Version 1.3.4
(c) Copyright, 1996-2017 Andrew Rambaut and Nick Grassly
Institute of Evolutionary Biology, University of Edinburgh

Originally developed at:
Department of Zoology, University of Oxford

Random number generator seed: -6334540268551542239

Simulations of 427 taxa, 100 amino acids
  for 1 tree(s) with 1 dataset(s) per tree

Branch lengths assumed to be number of substitutions per site

Rate homogeneity of sites.
Model = PAM: Dayhoff, Schwartz & Orcutt (1978)
             DCMut version Kosiol & Goldman (2004) <http://www.ebi.ac.uk/goldman-srv/dayhoff/>
Time taken: 0.007896 seconds
Sequence Generator - seq-gen
Version 1.3.4
(c) Copyright, 1996-2017 Andrew Rambaut and Nick Grassly
Institute of Evolutionary Biology, University of Edinburgh

Originally developed at:
Department of Zoology, University of Oxford

Random number generator seed: -5159362234001679823

Simulations of 1067 taxa, 100 amino acids
  for 1 tree(s) with 1 dataset(s) per tree

Branch lengths assumed to be number of substitutions per site

Rate homogeneity of sites.
Model = PAM: Dayhoff, Schwartz & Orcutt (1978)
             DCMut version Kosiol & Goldman (2004) <http://www.ebi.ac.uk/goldman-srv/dayhoff/>
Time taken: 0.018761 seconds
Sequence Generator - seq-gen
Version 1.3.4
(c) Copyright, 1996-2017 Andrew Rambaut and Nick Grassly
Institute of Evolutionary Biology, University of Edinburgh

Originally developed at:
Department of Zoology, University of Oxford

Random number generator seed: -4809517080297292482

Simulations of 336 taxa, 100 amino acids
  for 1 tree(s) with 1 dataset(s) per tree

Branch lengths assumed to be number of substitutions per site

Rate homogeneity of sites.
Model = PAM: Dayhoff, Schwartz & Orcutt (1978)
             DCMut version Kosiol & Goldman (2004) <http://www.ebi.ac.uk/goldman-srv/dayhoff/>
Time taken: 0.006126 seconds
Sequence Generator - seq-gen
Version 1.3.4
(c) Copyright, 1996-2017 Andrew Rambaut and Nick Grassly
Institute of Evolutionary Biology, University of Edinburgh

Originally developed at:
Department of Zoology, University of Oxford

Random number generator seed: -6686531634601470172

Simulations of 1681 taxa, 100 amino acids
  for 1 tree(s) with 1 dataset(s) per tree

Branch lengths assumed to be number of substitutions per site

Rate homogeneity of sites.
Model = PAM: Dayhoff, Schwartz & Orcutt (1978)
             DCMut version Kosiol & Goldman (2004) <http://www.ebi.ac.uk/goldman-srv/dayhoff/>
Time taken: 0.029422 seconds
Sequence Generator - seq-gen
Version 1.3.4
(c) Copyright, 1996-2017 Andrew Rambaut and Nick Grassly
Institute of Evolutionary Biology, University of Edinburgh

Originally developed at:
Department of Zoology, University of Oxford

Random number generator seed: -4730507388799306689

Simulations of 548 taxa, 100 amino acids
  for 1 tree(s) with 1 dataset(s) per tree

Branch lengths assumed to be number of substitutions per site

Rate homogeneity of sites.
Model = PAM: Dayhoff, Schwartz & Orcutt (1978)
             DCMut version Kosiol & Goldman (2004) <http://www.ebi.ac.uk/goldman-srv/dayhoff/>
Time taken: 0.00982 seconds
Sequence Generator - seq-gen
Version 1.3.4
(c) Copyright, 1996-2017 Andrew Rambaut and Nick Grassly
Institute of Evolutionary Biology, University of Edinburgh

Originally developed at:
Department of Zoology, University of Oxford

Random number generator seed: 3060498326664807343

Simulations of 457 taxa, 100 amino acids
  for 1 tree(s) with 1 dataset(s) per tree

Branch lengths assumed to be number of substitutions per site

Rate homogeneity of sites.
Model = PAM: Dayhoff, Schwartz & Orcutt (1978)
             DCMut version Kosiol & Goldman (2004) <http://www.ebi.ac.uk/goldman-srv/dayhoff/>
Time taken: 0.008201 seconds
Sequence Generator - seq-gen
Version 1.3.4
(c) Copyright, 1996-2017 Andrew Rambaut and Nick Grassly
Institute of Evolutionary Biology, University of Edinburgh

Originally developed at:
Department of Zoology, University of Oxford

Random number generator seed: -6904042035269098951

Simulations of 4362 taxa, 100 amino acids
  for 1 tree(s) with 1 dataset(s) per tree

Branch lengths assumed to be number of substitutions per site

Rate homogeneity of sites.
Model = PAM: Dayhoff, Schwartz & Orcutt (1978)
             DCMut version Kosiol & Goldman (2004) <http://www.ebi.ac.uk/goldman-srv/dayhoff/>
Time taken: 0.082239 seconds
Sequence Generator - seq-gen
Version 1.3.4
(c) Copyright, 1996-2017 Andrew Rambaut and Nick Grassly
Institute of Evolutionary Biology, University of Edinburgh

Originally developed at:
Department of Zoology, University of Oxford

Random number generator seed: -4873436478582441409

Simulations of 1196 taxa, 100 amino acids
  for 1 tree(s) with 1 dataset(s) per tree

Branch lengths assumed to be number of substitutions per site

Rate homogeneity of sites.
Model = PAM: Dayhoff, Schwartz & Orcutt (1978)
             DCMut version Kosiol & Goldman (2004) <http://www.ebi.ac.uk/goldman-srv/dayhoff/>
Time taken: 0.020849 seconds
Sequence Generator - seq-gen
Version 1.3.4
(c) Copyright, 1996-2017 Andrew Rambaut and Nick Grassly
Institute of Evolutionary Biology, University of Edinburgh

Originally developed at:
Department of Zoology, University of Oxford

Random number generator seed: -5300575714298600399

Simulations of 1770 taxa, 100 amino acids
  for 1 tree(s) with 1 dataset(s) per tree

Branch lengths assumed to be number of substitutions per site

Rate homogeneity of sites.
Model = PAM: Dayhoff, Schwartz & Orcutt (1978)
             DCMut version Kosiol & Goldman (2004) <http://www.ebi.ac.uk/goldman-srv/dayhoff/>
Time taken: 0.030703 seconds
Sequence Generator - seq-gen
Version 1.3.4
(c) Copyright, 1996-2017 Andrew Rambaut and Nick Grassly
Institute of Evolutionary Biology, University of Edinburgh

Originally developed at:
Department of Zoology, University of Oxford

Random number generator seed: -5013589489434523587

Simulations of 639 taxa, 100 amino acids
  for 1 tree(s) with 1 dataset(s) per tree

Branch lengths assumed to be number of substitutions per site

Rate homogeneity of sites.
Model = PAM: Dayhoff, Schwartz & Orcutt (1978)
             DCMut version Kosiol & Goldman (2004) <http://www.ebi.ac.uk/goldman-srv/dayhoff/>
Time taken: 0.011513 seconds
Sequence Generator - seq-gen
Version 1.3.4
(c) Copyright, 1996-2017 Andrew Rambaut and Nick Grassly
Institute of Evolutionary Biology, University of Edinburgh

Originally developed at:
Department of Zoology, University of Oxford

Random number generator seed: -4508910280412853159

Simulations of 4702 taxa, 100 amino acids
  for 1 tree(s) with 1 dataset(s) per tree

Branch lengths assumed to be number of substitutions per site

Rate homogeneity of sites.
Model = PAM: Dayhoff, Schwartz & Orcutt (1978)
             DCMut version Kosiol & Goldman (2004) <http://www.ebi.ac.uk/goldman-srv/dayhoff/>
Time taken: 0.089896 seconds
Sequence Generator - seq-gen
Version 1.3.4
(c) Copyright, 1996-2017 Andrew Rambaut and Nick Grassly
Institute of Evolutionary Biology, University of Edinburgh

Originally developed at:
Department of Zoology, University of Oxford

Random number generator seed: -3324043899203077079

Simulations of 109 taxa, 100 amino acids
  for 1 tree(s) with 1 dataset(s) per tree

Branch lengths assumed to be number of substitutions per site

Rate homogeneity of sites.
Model = PAM: Dayhoff, Schwartz & Orcutt (1978)
             DCMut version Kosiol & Goldman (2004) <http://www.ebi.ac.uk/goldman-srv/dayhoff/>
Time taken: 0.002328 seconds
Sequence Generator - seq-gen
Version 1.3.4
(c) Copyright, 1996-2017 Andrew Rambaut and Nick Grassly
Institute of Evolutionary Biology, University of Edinburgh

Originally developed at:
Department of Zoology, University of Oxford

Random number generator seed: -4941764077481849038

Simulations of 308 taxa, 100 amino acids
  for 1 tree(s) with 1 dataset(s) per tree

Branch lengths assumed to be number of substitutions per site

Rate homogeneity of sites.
Model = PAM: Dayhoff, Schwartz & Orcutt (1978)
             DCMut version Kosiol & Goldman (2004) <http://www.ebi.ac.uk/goldman-srv/dayhoff/>
Time taken: 0.00573 seconds
Sequence Generator - seq-gen
Version 1.3.4
(c) Copyright, 1996-2017 Andrew Rambaut and Nick Grassly
Institute of Evolutionary Biology, University of Edinburgh

Originally developed at:
Department of Zoology, University of Oxford

Random number generator seed: -5578605378636660683

Simulations of 528 taxa, 100 amino acids
  for 1 tree(s) with 1 dataset(s) per tree

Branch lengths assumed to be number of substitutions per site

Rate homogeneity of sites.
Model = PAM: Dayhoff, Schwartz & Orcutt (1978)
             DCMut version Kosiol & Goldman (2004) <http://www.ebi.ac.uk/goldman-srv/dayhoff/>
Time taken: 0.009398 seconds
Sequence Generator - seq-gen
Version 1.3.4
(c) Copyright, 1996-2017 Andrew Rambaut and Nick Grassly
Institute of Evolutionary Biology, University of Edinburgh

Originally developed at:
Department of Zoology, University of Oxford

Random number generator seed: -5848618456407145682

Simulations of 2830 taxa, 100 amino acids
  for 1 tree(s) with 1 dataset(s) per tree

Branch lengths assumed to be number of substitutions per site

Rate homogeneity of sites.
Model = PAM: Dayhoff, Schwartz & Orcutt (1978)
             DCMut version Kosiol & Goldman (2004) <http://www.ebi.ac.uk/goldman-srv/dayhoff/>
Time taken: 0.051461 seconds
Sequence Generator - seq-gen
Version 1.3.4
(c) Copyright, 1996-2017 Andrew Rambaut and Nick Grassly
Institute of Evolutionary Biology, University of Edinburgh

Originally developed at:
Department of Zoology, University of Oxford

Random number generator seed: -5359893700171630284

Simulations of 292 taxa, 100 amino acids
  for 1 tree(s) with 1 dataset(s) per tree

Branch lengths assumed to be number of substitutions per site

Rate homogeneity of sites.
Model = PAM: Dayhoff, Schwartz & Orcutt (1978)
             DCMut version Kosiol & Goldman (2004) <http://www.ebi.ac.uk/goldman-srv/dayhoff/>
Time taken: 0.005374 seconds
Sequence Generator - seq-gen
Version 1.3.4
(c) Copyright, 1996-2017 Andrew Rambaut and Nick Grassly
Institute of Evolutionary Biology, University of Edinburgh

Originally developed at:
Department of Zoology, University of Oxford

Random number generator seed: -6544742763070830300

Simulations of 4447 taxa, 100 amino acids
  for 1 tree(s) with 1 dataset(s) per tree

Branch lengths assumed to be number of substitutions per site

Rate homogeneity of sites.
Model = PAM: Dayhoff, Schwartz & Orcutt (1978)
             DCMut version Kosiol & Goldman (2004) <http://www.ebi.ac.uk/goldman-srv/dayhoff/>
Time taken: 0.083363 seconds
Sequence Generator - seq-gen
Version 1.3.4
(c) Copyright, 1996-2017 Andrew Rambaut and Nick Grassly
Institute of Evolutionary Biology, University of Edinburgh

Originally developed at:
Department of Zoology, University of Oxford

Random number generator seed: -5916943502015588307

Simulations of 608 taxa, 100 amino acids
  for 1 tree(s) with 1 dataset(s) per tree

Branch lengths assumed to be number of substitutions per site

Rate homogeneity of sites.
Model = PAM: Dayhoff, Schwartz & Orcutt (1978)
             DCMut version Kosiol & Goldman (2004) <http://www.ebi.ac.uk/goldman-srv/dayhoff/>
Time taken: 0.01085 seconds
Sequence Generator - seq-gen
Version 1.3.4
(c) Copyright, 1996-2017 Andrew Rambaut and Nick Grassly
Institute of Evolutionary Biology, University of Edinburgh

Originally developed at:
Department of Zoology, University of Oxford

Random number generator seed: -5013589489434523587

Simulations of 4470 taxa, 100 amino acids
  for 1 tree(s) with 1 dataset(s) per tree

Branch lengths assumed to be number of substitutions per site

Rate homogeneity of sites.
Model = PAM: Dayhoff, Schwartz & Orcutt (1978)
             DCMut version Kosiol & Goldman (2004) <http://www.ebi.ac.uk/goldman-srv/dayhoff/>
Time taken: 0.084251 seconds
Sequence Generator - seq-gen
Version 1.3.4
(c) Copyright, 1996-2017 Andrew Rambaut and Nick Grassly
Institute of Evolutionary Biology, University of Edinburgh

Originally developed at:
Department of Zoology, University of Oxford

Random number generator seed: -6623305984355745241

Simulations of 3664 taxa, 100 amino acids
  for 1 tree(s) with 1 dataset(s) per tree

Branch lengths assumed to be number of substitutions per site

Rate homogeneity of sites.
Model = PAM: Dayhoff, Schwartz & Orcutt (1978)
             DCMut version Kosiol & Goldman (2004) <http://www.ebi.ac.uk/goldman-srv/dayhoff/>
Time taken: 0.066868 seconds
Sequence Generator - seq-gen
Version 1.3.4
(c) Copyright, 1996-2017 Andrew Rambaut and Nick Grassly
Institute of Evolutionary Biology, University of Edinburgh

Originally developed at:
Department of Zoology, University of Oxford

Random number generator seed: -5219795810937181386

Simulations of 829 taxa, 100 amino acids
  for 1 tree(s) with 1 dataset(s) per tree

Branch lengths assumed to be number of substitutions per site

Rate homogeneity of sites.
Model = PAM: Dayhoff, Schwartz & Orcutt (1978)
             DCMut version Kosiol & Goldman (2004) <http://www.ebi.ac.uk/goldman-srv/dayhoff/>
Time taken: 0.014797 seconds
Sequence Generator - seq-gen
Version 1.3.4
(c) Copyright, 1996-2017 Andrew Rambaut and Nick Grassly
Institute of Evolutionary Biology, University of Edinburgh

Originally developed at:
Department of Zoology, University of Oxford

Random number generator seed: -5013589489434523587

Simulations of 504 taxa, 100 amino acids
  for 1 tree(s) with 1 dataset(s) per tree

Branch lengths assumed to be number of substitutions per site

Rate homogeneity of sites.
Model = PAM: Dayhoff, Schwartz & Orcutt (1978)
             DCMut version Kosiol & Goldman (2004) <http://www.ebi.ac.uk/goldman-srv/dayhoff/>
Time taken: 0.009015 seconds
Sequence Generator - seq-gen
Version 1.3.4
(c) Copyright, 1996-2017 Andrew Rambaut and Nick Grassly
Institute of Evolutionary Biology, University of Edinburgh

Originally developed at:
Department of Zoology, University of Oxford

Random number generator seed: -4022437675324551872

Simulations of 2113 taxa, 100 amino acids
  for 1 tree(s) with 1 dataset(s) per tree

Branch lengths assumed to be number of substitutions per site

Rate homogeneity of sites.
Model = PAM: Dayhoff, Schwartz & Orcutt (1978)
             DCMut version Kosiol & Goldman (2004) <http://www.ebi.ac.uk/goldman-srv/dayhoff/>
Time taken: 0.037046 seconds
Sequence Generator - seq-gen
Version 1.3.4
(c) Copyright, 1996-2017 Andrew Rambaut and Nick Grassly
Institute of Evolutionary Biology, University of Edinburgh

Originally developed at:
Department of Zoology, University of Oxford

Random number generator seed: -5578605378636660683

Simulations of 1212 taxa, 100 amino acids
  for 1 tree(s) with 1 dataset(s) per tree

Branch lengths assumed to be number of substitutions per site

Rate homogeneity of sites.
Model = PAM: Dayhoff, Schwartz & Orcutt (1978)
             DCMut version Kosiol & Goldman (2004) <http://www.ebi.ac.uk/goldman-srv/dayhoff/>
Time taken: 0.021112 seconds
Sequence Generator - seq-gen
Version 1.3.4
(c) Copyright, 1996-2017 Andrew Rambaut and Nick Grassly
Institute of Evolutionary Biology, University of Edinburgh

Originally developed at:
Department of Zoology, University of Oxford

Random number generator seed: -5716451605446046197

Simulations of 4004 taxa, 100 amino acids
  for 1 tree(s) with 1 dataset(s) per tree

Branch lengths assumed to be number of substitutions per site

Rate homogeneity of sites.
Model = PAM: Dayhoff, Schwartz & Orcutt (1978)
             DCMut version Kosiol & Goldman (2004) <http://www.ebi.ac.uk/goldman-srv/dayhoff/>
Time taken: 0.073302 seconds
